2017-03-12 10:51:13,536 - WargameTournament - INFO - started
2017-03-12 10:53:51,756 - WargameTournament - INFO - started
2017-03-12 10:55:42,758 - WargameTournament - INFO - started
2017-03-12 10:56:04,960 - WargameTournament - INFO - started
2017-03-12 11:11:02,462 - WargameTournament - INFO - started
2017-03-12 11:17:30,585 - WargameTournament - INFO - started
2017-03-12 11:17:35,183 - WargameTournament - INFO - started
2017-03-12 11:17:43,989 - WargameTournament - INFO - started
2017-03-12 11:17:53,366 - WargameTournament - INFO - admin logged in
2017-03-12 11:17:53,473 - WargameTournament - INFO - started
2017-03-12 11:17:54,101 - WargameTournament - INFO - started
2017-03-12 11:18:01,465 - WargameTournament - INFO - started
2017-03-12 11:18:26,618 - WargameTournament - INFO - tournament created
2017-03-12 11:18:26,625 - WargameTournament - INFO - started
2017-03-12 11:18:27,423 - WargameTournament - INFO - started
2017-03-12 11:19:26,292 - WargameTournament - INFO - started
2017-03-12 11:20:05,758 - WargameTournament - INFO - started
2017-03-12 11:20:09,703 - WargameTournament - INFO - started
2017-03-12 11:21:55,227 - WargameTournament - INFO - started
2017-03-12 11:23:30,413 - WargameTournament - INFO - 1
2017-03-12 11:23:30,414 - WargameTournament - INFO - 1. BAS Wargame Turnier
2017-03-12 11:23:30,420 - WargameTournament - INFO - started
2017-03-12 11:31:07,084 - WargameTournament - INFO - 1
2017-03-12 11:31:07,085 - WargameTournament - INFO - 1. BAS Wargame Turnier
2017-03-12 11:31:07,090 - WargameTournament - INFO - started
2017-03-12 11:31:21,362 - WargameTournament - INFO - 1
2017-03-12 11:31:21,362 - WargameTournament - INFO - 1. BAS Wargame Turnier
2017-03-12 11:31:21,364 - WargameTournament - INFO - started
2017-03-12 11:32:02,734 - WargameTournament - INFO - 1
2017-03-12 11:32:02,735 - WargameTournament - INFO - 1. BAS Wargame Turnier
2017-03-12 11:32:02,743 - WargameTournament - INFO - started
2017-03-12 11:32:13,532 - WargameTournament - INFO - 1
2017-03-12 11:32:13,533 - WargameTournament - INFO - 1. BAS Wargame Turnier
2017-03-12 11:32:13,539 - WargameTournament - INFO - started
2017-03-12 11:32:56,663 - WargameTournament - INFO - 1
2017-03-12 11:32:56,663 - WargameTournament - INFO - 1. BAS Wargame Turnier
2017-03-12 11:32:56,669 - WargameTournament - INFO - started
2017-03-12 11:34:07,834 - WargameTournament - INFO - 1
2017-03-12 11:34:07,834 - WargameTournament - INFO - 1. BAS Wargame Turnier
2017-03-12 11:34:07,836 - WargameTournament - INFO - started
2017-03-12 11:34:56,251 - WargameTournament - INFO - 1
2017-03-12 11:34:56,252 - WargameTournament - INFO - 1. BAS Wargame Turnier
2017-03-12 11:34:56,260 - WargameTournament - INFO - started
2017-03-12 11:35:59,352 - WargameTournament - INFO - 1
2017-03-12 11:35:59,353 - WargameTournament - INFO - 1. BAS Wargame Turnier
2017-03-12 11:35:59,357 - WargameTournament - INFO - started
2017-03-12 11:36:16,152 - WargameTournament - INFO - started
2017-03-12 11:37:20,186 - WargameTournament - INFO - started
2017-03-12 11:37:39,861 - WargameTournament - INFO - 1 participates in 1
2017-03-12 11:37:39,870 - WargameTournament - INFO - started
2017-03-12 11:37:46,687 - WargameTournament - INFO - started
2017-03-12 11:39:18,744 - WargameTournament - INFO - started
2017-03-12 11:41:49,121 - WargameTournament - INFO - started
2017-03-12 11:41:55,777 - WargameTournament - INFO - 1
2017-03-12 11:41:55,777 - WargameTournament - INFO - 1. BAS Wargame Turnier
2017-03-12 11:41:55,781 - WargameTournament - INFO - started
2017-03-12 11:41:58,607 - WargameTournament - INFO - started
2017-03-12 11:42:03,464 - WargameTournament - INFO - admin logged out
2017-03-12 11:42:03,469 - WargameTournament - INFO - started
2017-03-12 11:42:04,114 - WargameTournament - INFO - 1
2017-03-12 11:42:04,114 - WargameTournament - INFO - 1. BAS Wargame Turnier
2017-03-12 11:42:04,118 - WargameTournament - INFO - started
2017-03-12 11:42:07,743 - WargameTournament - INFO - started
2017-03-12 11:42:18,397 - WargameTournament - INFO - admin logged in
2017-03-12 11:42:18,402 - WargameTournament - INFO - started
2017-03-12 11:42:19,042 - WargameTournament - INFO - 1
2017-03-12 11:42:19,043 - WargameTournament - INFO - 1. BAS Wargame Turnier
2017-03-12 11:42:19,046 - WargameTournament - INFO - started
2017-03-12 11:42:23,086 - WargameTournament - INFO - started
2017-03-12 11:44:58,246 - WargameTournament - INFO - started
2017-03-12 11:47:46,290 - WargameTournament - INFO - started
2017-03-12 11:47:58,782 - WargameTournament - INFO - 1
2017-03-12 11:47:58,782 - WargameTournament - INFO - 1. BAS Wargame Turnier
2017-03-12 11:47:58,788 - WargameTournament - INFO - started
2017-03-12 11:47:59,946 - WargameTournament - INFO - admin logged out
2017-03-12 11:47:59,950 - WargameTournament - INFO - started
2017-03-12 11:48:00,579 - WargameTournament - INFO - 1
2017-03-12 11:48:00,579 - WargameTournament - INFO - 1. BAS Wargame Turnier
2017-03-12 11:48:00,583 - WargameTournament - INFO - started
2017-03-12 11:48:01,609 - WargameTournament - INFO - started
2017-03-12 11:48:09,155 - WargameTournament - INFO - Admin logged in
2017-03-12 11:48:09,160 - WargameTournament - INFO - started
2017-03-12 11:48:09,907 - WargameTournament - INFO - 1
2017-03-12 11:48:09,907 - WargameTournament - INFO - 1. BAS Wargame Turnier
2017-03-12 11:48:09,911 - WargameTournament - INFO - started
2017-03-12 11:48:14,516 - WargameTournament - INFO - started
2017-03-12 11:48:16,973 - WargameTournament - INFO - 2 participates in 1
2017-03-12 11:48:16,978 - WargameTournament - INFO - started
2017-03-12 11:49:07,955 - WargameTournament - INFO - started
2017-03-12 11:49:51,709 - WargameTournament - INFO - started
2017-03-12 11:49:52,330 - WargameTournament - INFO - started
2017-03-12 11:50:23,165 - WargameTournament - INFO - started
2017-03-12 11:54:12,086 - WargameTournament - INFO - 1_Admin_admin.wargamerpl2
2017-03-12 11:54:12,086 - WargameTournament - INFO - ./static/
2017-03-12 11:54:12,087 - WargameTournament - INFO - started
2017-03-12 11:56:01,097 - WargameTournament - INFO - 1_Admin_admin.wargamerpl2
2017-03-12 11:56:01,097 - WargameTournament - INFO - ./static/
2017-03-12 11:56:01,098 - WargameTournament - INFO - started
2017-03-12 11:56:05,972 - WargameTournament - INFO - started
2017-03-12 11:59:03,044 - WargameTournament - INFO - started
2017-03-12 12:01:50,073 - WargameTournament - INFO - started
2017-03-12 12:01:51,304 - WargameTournament - INFO - started
2017-03-12 12:01:51,350 - WargameTournament - INFO - started
2017-03-12 12:01:52,365 - WargameTournament - INFO - started
2017-03-12 12:03:49,876 - WargameTournament - INFO - started
2017-03-12 12:04:01,072 - WargameTournament - INFO - started
2017-03-12 12:04:36,675 - WargameTournament - INFO - started
2017-03-12 12:04:46,176 - WargameTournament - INFO - started
2017-03-12 12:08:42,737 - WargameTournament - INFO - started
2017-03-12 12:09:25,642 - WargameTournament - INFO - started
2017-03-12 12:09:43,431 - WargameTournament - INFO - started
2017-03-12 12:09:43,433 - WargameTournament - INFO - Cr@shM3 tried to register
2017-03-12 12:09:44,098 - WargameTournament - INFO - started
2017-03-12 12:09:51,148 - WargameTournament - INFO - started
2017-03-12 12:10:00,711 - WargameTournament - INFO - started
2017-03-12 12:10:01,128 - WargameTournament - INFO - started
2017-03-12 12:10:01,389 - WargameTournament - INFO - started
2017-03-12 12:10:28,283 - WargameTournament - INFO - started
2017-03-12 12:10:51,221 - WargameTournament - INFO - started
2017-03-12 12:10:51,877 - WargameTournament - INFO - started
2017-03-12 12:10:51,901 - WargameTournament - INFO - started
2017-03-12 12:10:52,779 - WargameTournament - INFO - started
2017-03-12 12:11:02,782 - WargameTournament - INFO - started
2017-03-12 12:11:04,273 - WargameTournament - INFO - started
2017-03-12 12:11:04,275 - WargameTournament - INFO - Admin logged out
2017-03-12 12:11:04,921 - WargameTournament - INFO - started
2017-03-12 12:11:06,610 - WargameTournament - INFO - started
2017-03-12 12:11:07,460 - WargameTournament - INFO - started
2017-03-12 12:12:27,288 - WargameTournament - INFO - started
2017-03-12 12:12:30,142 - WargameTournament - INFO - started
2017-03-12 12:12:33,562 - WargameTournament - INFO - started
2017-03-12 12:14:58,099 - WargameTournament - INFO - started
2017-03-12 12:15:02,854 - WargameTournament - INFO - started
2017-03-12 12:15:03,738 - WargameTournament - INFO - started
2017-03-12 12:15:07,751 - WargameTournament - INFO - started
2017-03-12 12:15:14,874 - WargameTournament - INFO - started
2017-03-12 12:15:15,667 - WargameTournament - INFO - started
2017-03-12 12:15:20,465 - WargameTournament - INFO - started
2017-03-12 12:15:20,473 - WargameTournament - INFO - CrashM3 registered
2017-03-12 12:15:21,115 - WargameTournament - INFO - started
2017-03-12 12:15:24,812 - WargameTournament - INFO - started
2017-03-12 12:15:25,536 - WargameTournament - INFO - started
2017-03-12 12:15:27,067 - WargameTournament - INFO - started
2017-03-12 12:15:27,076 - WargameTournament - INFO - 5 participates in 1
2017-03-12 12:15:27,801 - WargameTournament - INFO - started
2017-03-12 12:15:32,053 - WargameTournament - INFO - started
2017-03-12 12:15:32,683 - WargameTournament - INFO - started
2017-03-12 12:15:32,719 - WargameTournament - INFO - started
2017-03-12 12:15:33,394 - WargameTournament - INFO - started
2017-03-12 12:16:28,510 - WargameTournament - INFO - started
2017-03-12 12:16:52,547 - WargameTournament - INFO - started
2017-03-12 12:16:53,208 - WargameTournament - INFO - started
2017-03-12 12:16:53,231 - WargameTournament - INFO - started
2017-03-12 12:16:53,897 - WargameTournament - INFO - started
2017-03-12 12:23:39,970 - WargameTournament - INFO - started
2017-03-12 12:23:40,681 - WargameTournament - INFO - started
2017-03-12 12:23:40,683 - WargameTournament - INFO - started
2017-03-12 12:23:41,421 - WargameTournament - INFO - started
2017-03-12 12:25:44,620 - WargameTournament - INFO - started
2017-03-12 12:25:48,702 - WargameTournament - INFO - started
2017-03-12 12:25:49,535 - WargameTournament - INFO - started
2017-03-12 12:25:53,594 - WargameTournament - INFO - started
2017-03-12 12:25:58,393 - WargameTournament - INFO - started
2017-03-12 12:26:06,564 - WargameTournament - INFO - started
2017-03-12 12:26:06,573 - WargameTournament - INFO - b registered
2017-03-12 12:26:07,190 - WargameTournament - INFO - started
2017-03-12 12:26:09,969 - WargameTournament - INFO - started
2017-03-12 12:26:10,941 - WargameTournament - INFO - started
2017-03-12 12:26:17,949 - WargameTournament - INFO - started
2017-03-12 12:26:17,957 - WargameTournament - INFO - 6 participates in 1
2017-03-12 12:26:18,733 - WargameTournament - INFO - started
2017-03-12 12:26:25,779 - WargameTournament - INFO - started
2017-03-12 12:26:26,849 - WargameTournament - INFO - started
2017-03-12 12:26:26,851 - WargameTournament - INFO - b logged out
2017-03-12 12:26:27,490 - WargameTournament - INFO - started
2017-03-12 12:26:28,952 - WargameTournament - INFO - started
2017-03-12 12:26:34,919 - WargameTournament - INFO - started
2017-03-12 12:26:34,926 - WargameTournament - INFO - c registered
2017-03-12 12:26:35,557 - WargameTournament - INFO - started
2017-03-12 12:26:39,251 - WargameTournament - INFO - started
2017-03-12 12:26:40,094 - WargameTournament - INFO - started
2017-03-12 12:30:50,362 - WargameTournament - INFO - started
2017-03-12 12:30:51,044 - WargameTournament - INFO - started
2017-03-12 12:30:51,073 - WargameTournament - INFO - started
2017-03-12 12:30:51,770 - WargameTournament - INFO - started
2017-03-12 12:30:55,232 - WargameTournament - INFO - started
2017-03-12 12:30:55,253 - WargameTournament - INFO - 7 participates in 1
2017-03-12 12:30:56,101 - WargameTournament - INFO - started
2017-03-12 12:31:49,400 - WargameTournament - INFO - started
2017-03-12 12:31:51,060 - WargameTournament - INFO - started
2017-03-12 12:31:51,062 - WargameTournament - INFO - c logged out
2017-03-12 12:31:51,680 - WargameTournament - INFO - started
2017-03-12 12:31:53,211 - WargameTournament - INFO - started
2017-03-12 12:32:04,795 - WargameTournament - INFO - started
2017-03-12 12:32:04,797 - WargameTournament - INFO - admin logged in
2017-03-12 12:32:05,493 - WargameTournament - INFO - started
2017-03-12 12:32:09,673 - WargameTournament - INFO - started
2017-03-12 12:32:10,472 - WargameTournament - INFO - started
2017-03-12 12:47:49,226 - WargameTournament - INFO - started
2017-03-12 12:47:51,904 - WargameTournament - INFO - started
2017-03-12 12:47:53,102 - WargameTournament - INFO - started
2017-03-12 12:47:53,171 - WargameTournament - INFO - started
2017-03-12 13:03:57,367 - WargameTournament - INFO - started
2017-03-12 13:03:58,047 - WargameTournament - INFO - started
2017-03-12 13:05:50,912 - WargameTournament - INFO - started
2017-03-12 13:05:51,598 - WargameTournament - INFO - started
2017-03-12 13:05:51,640 - WargameTournament - INFO - started
2017-03-12 13:07:01,383 - WargameTournament - INFO - started
2017-03-12 13:07:05,204 - WargameTournament - INFO - started
2017-03-12 13:07:09,734 - WargameTournament - INFO - started
2017-03-12 13:07:12,170 - WargameTournament - INFO - started
2017-03-12 13:19:30,762 - WargameTournament - INFO - started
2017-03-12 13:19:31,486 - WargameTournament - INFO - started
2017-03-12 13:19:31,491 - WargameTournament - INFO - started
2017-03-12 13:22:16,251 - WargameTournament - INFO - started
2017-03-12 13:22:16,912 - WargameTournament - INFO - started
2017-03-12 13:22:16,960 - WargameTournament - INFO - started
2017-03-12 13:24:00,151 - WargameTournament - INFO - started
2017-03-12 13:24:00,805 - WargameTournament - INFO - started
2017-03-12 13:24:00,809 - WargameTournament - INFO - started
2017-03-12 13:40:32,084 - WargameTournament - INFO - started
2017-03-12 13:40:32,791 - WargameTournament - INFO - started
2017-03-12 13:40:32,812 - WargameTournament - INFO - started
2017-03-12 13:40:52,159 - WargameTournament - INFO - started
2017-03-12 13:40:52,846 - WargameTournament - INFO - started
2017-03-12 13:40:52,905 - WargameTournament - INFO - started
2017-03-12 13:45:14,191 - WargameTournament - INFO - started
2017-03-12 13:45:14,945 - WargameTournament - INFO - started
2017-03-12 13:45:14,952 - WargameTournament - INFO - started
2017-03-12 13:46:37,724 - WargameTournament - INFO - started
2017-03-12 13:46:38,424 - WargameTournament - INFO - started
2017-03-12 13:46:38,435 - WargameTournament - INFO - started
2017-03-12 13:47:47,908 - WargameTournament - INFO - started
2017-03-12 13:47:48,569 - WargameTournament - INFO - started
2017-03-12 13:47:48,578 - WargameTournament - INFO - started
2017-03-12 13:48:03,196 - WargameTournament - INFO - started
2017-03-12 13:48:03,909 - WargameTournament - INFO - started
2017-03-12 13:48:03,913 - WargameTournament - INFO - started
2017-03-12 13:48:41,879 - WargameTournament - INFO - started
2017-03-12 13:48:42,549 - WargameTournament - INFO - started
2017-03-12 13:48:42,595 - WargameTournament - INFO - started
2017-03-12 13:49:24,204 - WargameTournament - INFO - started
2017-03-12 13:49:24,918 - WargameTournament - INFO - started
2017-03-12 13:49:24,945 - WargameTournament - INFO - started
2017-03-12 13:49:38,196 - WargameTournament - INFO - started
2017-03-12 13:49:38,855 - WargameTournament - INFO - started
2017-03-12 13:49:38,904 - WargameTournament - INFO - started
2017-03-12 13:50:27,685 - WargameTournament - INFO - started
2017-03-12 13:50:28,792 - WargameTournament - INFO - started
2017-03-12 13:50:28,834 - WargameTournament - INFO - started
2017-03-12 13:50:39,761 - WargameTournament - INFO - started
2017-03-12 13:50:40,475 - WargameTournament - INFO - started
2017-03-12 13:50:40,549 - WargameTournament - INFO - started
2017-03-12 13:52:21,421 - WargameTournament - INFO - started
2017-03-12 13:52:22,077 - WargameTournament - INFO - started
2017-03-12 13:52:22,122 - WargameTournament - INFO - started
2017-03-12 13:53:24,423 - WargameTournament - INFO - started
2017-03-12 13:53:25,105 - WargameTournament - INFO - started
2017-03-12 13:53:25,141 - WargameTournament - INFO - started
2017-03-12 13:53:53,901 - WargameTournament - INFO - started
2017-03-12 13:53:54,638 - WargameTournament - INFO - started
2017-03-12 13:53:54,647 - WargameTournament - INFO - started
2017-03-12 13:55:01,345 - WargameTournament - INFO - started
2017-03-12 13:55:03,208 - WargameTournament - INFO - started
2017-03-12 13:55:03,210 - WargameTournament - INFO - admin logged out
2017-03-12 13:55:04,314 - WargameTournament - INFO - started
2017-03-12 13:55:08,779 - WargameTournament - INFO - started
2017-03-12 13:57:51,137 - WargameTournament - INFO - started
2017-03-12 13:57:51,875 - WargameTournament - INFO - started
2017-03-12 13:57:51,877 - WargameTournament - INFO - started
2017-03-12 13:58:03,008 - WargameTournament - INFO - started
2017-03-12 13:59:07,798 - WargameTournament - INFO - started
2017-03-12 13:59:16,043 - WargameTournament - INFO - started
2017-03-12 13:59:27,621 - WargameTournament - INFO - started
2017-03-12 13:59:28,361 - WargameTournament - INFO - started
2017-03-12 13:59:28,362 - WargameTournament - INFO - started
2017-03-12 14:01:10,501 - WargameTournament - INFO - started
2017-03-12 14:01:11,156 - WargameTournament - INFO - started
2017-03-12 14:01:11,182 - WargameTournament - INFO - started
2017-03-12 14:01:18,620 - WargameTournament - INFO - started
2017-03-12 14:01:18,632 - WargameTournament - INFO - admin logged in
2017-03-12 14:01:19,306 - WargameTournament - INFO - started
2017-03-12 14:01:31,200 - WargameTournament - INFO - started
2017-03-12 14:04:16,497 - WargameTournament - INFO - started
2017-03-12 14:04:17,198 - WargameTournament - INFO - started
2017-03-12 14:04:17,220 - WargameTournament - INFO - started
2017-03-12 14:04:26,407 - WargameTournament - INFO - started
2017-03-12 14:04:26,408 - WargameTournament - INFO - admin logged out
2017-03-12 14:04:27,032 - WargameTournament - INFO - started
2017-03-12 14:04:35,319 - WargameTournament - INFO - started
2017-03-12 14:14:08,882 - WargameTournament - INFO - started
2017-03-12 14:14:08,884 - WargameTournament - INFO - admin logged in
2017-03-12 14:14:09,585 - WargameTournament - INFO - started
2017-03-12 14:14:13,737 - WargameTournament - INFO - started
2017-03-12 14:14:16,839 - WargameTournament - INFO - started
2017-03-12 14:14:16,841 - WargameTournament - INFO - admin logged out
2017-03-12 14:19:52,100 - WargameTournament - INFO - started
2017-03-12 14:19:59,494 - WargameTournament - INFO - started
2017-03-12 14:19:59,497 - WargameTournament - INFO - admin logged in
2017-03-12 14:20:00,127 - WargameTournament - INFO - started
2017-03-12 14:20:03,495 - WargameTournament - INFO - started
2017-03-12 14:20:09,000 - WargameTournament - INFO - started
2017-03-12 14:20:09,002 - WargameTournament - INFO - admin logged out
2017-03-12 14:20:09,747 - WargameTournament - INFO - started
2017-03-12 14:24:41,936 - WargameTournament - INFO - started
2017-03-12 14:24:42,613 - WargameTournament - INFO - started
2017-03-12 14:24:42,620 - WargameTournament - INFO - started
2017-03-12 14:25:57,084 - WargameTournament - INFO - started
2017-03-12 14:25:57,086 - WargameTournament - INFO - admin logged in
2017-03-12 14:25:57,753 - WargameTournament - INFO - started
2017-03-12 14:26:53,707 - WargameTournament - INFO - started
2017-03-12 14:27:14,516 - WargameTournament - INFO - started
2017-03-12 14:35:31,345 - WargameTournament - INFO - started
2017-03-12 14:35:32,025 - WargameTournament - INFO - started
2017-03-12 14:35:32,039 - WargameTournament - INFO - started
2017-03-12 14:37:02,604 - WargameTournament - INFO - started
2017-03-12 14:37:03,267 - WargameTournament - INFO - started
2017-03-12 14:37:03,273 - WargameTournament - INFO - started
2017-03-12 14:37:45,246 - WargameTournament - INFO - started
2017-03-12 14:37:45,936 - WargameTournament - INFO - started
2017-03-12 14:37:45,959 - WargameTournament - INFO - started
2017-03-12 14:44:44,226 - WargameTournament - INFO - started
2017-03-12 14:44:44,896 - WargameTournament - INFO - started
2017-03-12 14:44:44,945 - WargameTournament - INFO - started
2017-03-12 14:46:24,083 - WargameTournament - INFO - started
2017-03-12 14:46:25,060 - WargameTournament - INFO - started
2017-03-12 14:46:25,204 - WargameTournament - INFO - started
2017-03-12 14:48:04,481 - WargameTournament - INFO - started
2017-03-12 14:48:05,199 - WargameTournament - INFO - started
2017-03-12 14:48:05,222 - WargameTournament - INFO - started
2017-03-12 14:49:40,623 - WargameTournament - INFO - started
2017-03-12 14:49:41,341 - WargameTournament - INFO - started
2017-03-12 14:49:41,344 - WargameTournament - INFO - started
2017-03-12 14:49:55,623 - WargameTournament - INFO - started
2017-03-12 14:49:56,343 - WargameTournament - INFO - started
2017-03-12 14:49:56,355 - WargameTournament - INFO - started
2017-03-12 14:50:16,982 - WargameTournament - INFO - started
2017-03-12 14:50:17,681 - WargameTournament - INFO - started
2017-03-12 14:50:17,689 - WargameTournament - INFO - started
2017-03-12 14:51:06,101 - WargameTournament - INFO - started
2017-03-12 14:51:06,754 - WargameTournament - INFO - started
2017-03-12 14:51:06,773 - WargameTournament - INFO - started
2017-03-12 14:52:02,375 - WargameTournament - INFO - started
2017-03-12 14:52:02,377 - WargameTournament - INFO - CrashM3 logged in
2017-03-12 14:52:03,042 - WargameTournament - INFO - started
2017-03-12 14:52:52,457 - WargameTournament - INFO - started
2017-03-12 14:53:02,163 - WargameTournament - INFO - started
2017-03-12 14:53:05,626 - WargameTournament - INFO - started
2017-03-12 14:53:09,891 - WargameTournament - INFO - started
2017-03-12 14:53:15,802 - WargameTournament - INFO - started
2017-03-12 21:24:53,967 - WargameTournament - INFO - started
2017-03-12 21:26:33,905 - WargameTournament - INFO - started
2017-03-12 21:26:34,608 - WargameTournament - INFO - started
2017-03-12 21:26:34,647 - WargameTournament - INFO - started
2017-03-12 21:29:36,510 - WargameTournament - INFO - started
2017-03-12 21:29:37,184 - WargameTournament - INFO - started
2017-03-12 21:29:37,203 - WargameTournament - INFO - started
2017-03-12 21:30:40,976 - WargameTournament - INFO - started
2017-03-12 21:30:40,977 - WargameTournament - INFO - admin logged out
2017-03-12 21:30:42,567 - WargameTournament - INFO - started
2017-03-12 21:30:46,050 - WargameTournament - INFO - started
2017-03-12 21:32:16,216 - WargameTournament - INFO - started
2017-03-12 21:32:16,862 - WargameTournament - INFO - started
2017-03-12 21:32:16,866 - WargameTournament - INFO - started
2017-03-12 21:33:47,216 - WargameTournament - INFO - started
2017-03-12 21:33:57,333 - WargameTournament - INFO - started
2017-03-12 21:34:00,424 - WargameTournament - INFO - started
2017-03-12 21:44:15,676 - WargameTournament - INFO - started
2017-03-12 21:44:16,427 - WargameTournament - INFO - started
2017-03-12 21:44:16,483 - WargameTournament - INFO - started
2017-03-12 21:44:24,958 - WargameTournament - INFO - started
2017-03-12 21:44:24,984 - WargameTournament - INFO - admin logged in
2017-03-12 21:44:26,151 - WargameTournament - INFO - started
2017-03-12 21:44:35,680 - WargameTournament - INFO - started
2017-03-12 21:53:17,643 - WargameTournament - INFO - started
2017-03-12 21:53:18,312 - WargameTournament - INFO - started
2017-03-12 21:53:18,316 - WargameTournament - INFO - started
2017-03-12 21:53:21,405 - WargameTournament - INFO - started
2017-03-12 21:53:22,025 - WargameTournament - INFO - started
2017-03-12 21:56:04,896 - WargameTournament - INFO - started
2017-03-12 21:56:14,188 - WargameTournament - INFO - started
2017-03-12 21:56:14,729 - WargameTournament - INFO - started
2017-03-12 21:56:15,520 - WargameTournament - INFO - started
2017-03-12 21:56:15,527 - WargameTournament - INFO - started
2017-03-12 21:57:57,212 - WargameTournament - INFO - started
2017-03-12 21:58:06,185 - WargameTournament - INFO - started
2017-03-12 21:58:06,239 - WargameTournament - INFO - duli registered
2017-03-12 21:58:06,898 - WargameTournament - INFO - started
2017-03-12 21:58:07,515 - WargameTournament - INFO - started
2017-03-12 21:58:14,061 - WargameTournament - INFO - started
2017-03-12 21:58:14,096 - WargameTournament - INFO - 8 participates in 1
2017-03-12 21:58:18,931 - WargameTournament - INFO - started
2017-03-12 21:58:31,931 - WargameTournament - INFO - started
2017-03-12 21:59:27,002 - WargameTournament - INFO - started
2017-03-12 21:59:27,005 - WargameTournament - INFO -  tried to register
2017-03-12 21:59:27,466 - WargameTournament - INFO - started
2017-03-12 21:59:27,746 - WargameTournament - INFO - started
2017-03-12 21:59:28,133 - WargameTournament - INFO - started
2017-03-12 21:59:28,215 - WargameTournament - INFO - started
2017-03-12 21:59:50,855 - WargameTournament - INFO - started
2017-03-12 21:59:53,088 - WargameTournament - INFO - started
2017-03-12 22:00:10,338 - WargameTournament - INFO - started
2017-03-12 22:00:10,347 - WargameTournament - INFO - tournament created
2017-03-12 22:00:11,086 - WargameTournament - INFO - started
2017-03-12 22:00:11,848 - WargameTournament - INFO - started
2017-03-12 22:00:22,774 - WargameTournament - INFO - started
2017-03-12 22:00:31,684 - WargameTournament - INFO - started
2017-03-12 22:01:40,803 - WargameTournament - INFO - started
2017-03-12 22:02:37,709 - WargameTournament - INFO - started
2017-03-12 22:02:38,511 - WargameTournament - INFO - started
2017-03-12 22:02:42,710 - WargameTournament - INFO - started
2017-03-12 22:02:42,769 - WargameTournament - INFO - started
2017-03-12 22:02:43,512 - WargameTournament - INFO - started
2017-03-12 22:02:43,598 - WargameTournament - INFO - started
2017-03-12 22:07:05,801 - WargameTournament - INFO - started
2017-03-12 22:07:06,489 - WargameTournament - INFO - started
2017-03-12 22:07:06,521 - WargameTournament - INFO - started
2017-03-12 22:07:12,511 - WargameTournament - INFO - started
2017-03-12 23:26:15,457 - WargameTournament - INFO - started
2017-03-12 23:26:20,982 - WargameTournament - INFO - started
2017-03-12 23:26:21,673 - WargameTournament - INFO - started
2017-03-12 23:26:26,945 - WargameTournament - INFO - started
2017-03-12 23:27:57,705 - WargameTournament - INFO - started
2017-03-12 23:28:04,503 - WargameTournament - INFO - started
2017-03-12 23:28:15,191 - WargameTournament - INFO - started
2017-03-13 00:31:46,950 - WargameTournament - INFO - started
2017-03-13 00:31:47,738 - WargameTournament - INFO - started
2017-03-13 00:31:47,747 - WargameTournament - INFO - started
2017-03-13 00:31:55,284 - WargameTournament - INFO - started
2017-03-13 00:34:32,540 - WargameTournament - INFO - started
2017-03-13 00:34:33,188 - WargameTournament - INFO - started
2017-03-13 00:34:33,210 - WargameTournament - INFO - started
2017-03-13 00:34:38,857 - WargameTournament - INFO - started
2017-03-13 00:37:32,731 - WargameTournament - INFO - started
2017-03-13 00:38:36,366 - WargameTournament - INFO - started
2017-03-13 00:40:10,617 - WargameTournament - INFO - started
2017-03-13 00:46:05,436 - WargameTournament - INFO - started
2017-03-13 00:46:06,146 - WargameTournament - INFO - started
2017-03-13 00:46:06,166 - WargameTournament - INFO - started
2017-03-13 00:46:11,584 - WargameTournament - INFO - started
2017-03-13 00:46:12,322 - WargameTournament - INFO - started
2017-03-13 00:46:12,324 - WargameTournament - INFO - started
2017-03-13 00:53:03,724 - WargameTournament - INFO - started
2017-03-13 00:53:04,449 - WargameTournament - INFO - started
2017-03-13 00:53:04,487 - WargameTournament - INFO - started
2017-03-13 00:53:45,529 - WargameTournament - INFO - started
2017-03-13 00:53:46,242 - WargameTournament - INFO - started
2017-03-13 00:53:46,282 - WargameTournament - INFO - started
2017-03-13 00:54:10,041 - WargameTournament - INFO - started
2017-03-13 00:54:10,795 - WargameTournament - INFO - started
2017-03-13 00:54:10,797 - WargameTournament - INFO - started
2017-03-13 00:56:12,963 - WargameTournament - INFO - started
2017-03-13 00:56:26,537 - WargameTournament - INFO - started
2017-03-13 00:56:27,289 - WargameTournament - INFO - started
2017-03-13 00:56:27,402 - WargameTournament - INFO - started
2017-03-13 00:59:56,786 - WargameTournament - INFO - started
2017-03-13 00:59:57,486 - WargameTournament - INFO - started
2017-03-13 00:59:57,495 - WargameTournament - INFO - started
2017-03-13 01:00:28,815 - WargameTournament - INFO - started
2017-03-13 01:00:29,455 - WargameTournament - INFO - started
2017-03-13 01:00:29,496 - WargameTournament - INFO - started
2017-03-13 01:06:59,763 - WargameTournament - INFO - started
2017-03-13 01:07:00,590 - WargameTournament - INFO - started
2017-03-13 01:07:00,766 - WargameTournament - INFO - started
2017-03-13 01:09:03,616 - WargameTournament - INFO - started
2017-03-13 01:09:04,309 - WargameTournament - INFO - started
2017-03-13 01:09:04,309 - WargameTournament - INFO - started
2017-03-13 01:09:26,069 - WargameTournament - INFO - started
2017-03-13 01:09:35,588 - WargameTournament - INFO - started
2017-03-13 01:11:47,082 - WargameTournament - INFO - started
2017-03-13 01:11:47,720 - WargameTournament - INFO - started
2017-03-13 01:11:47,750 - WargameTournament - INFO - started
2017-03-13 01:12:58,677 - WargameTournament - INFO - started
2017-03-13 01:13:09,523 - WargameTournament - INFO - started
2017-03-13 01:13:20,387 - WargameTournament - INFO - started
2017-03-13 01:26:03,308 - WargameTournament - INFO - started
2017-03-13 01:26:43,605 - WargameTournament - INFO - started
2017-03-13 01:28:38,867 - WargameTournament - INFO - started
2017-03-13 01:30:06,416 - WargameTournament - INFO - started
2017-03-13 01:30:07,129 - WargameTournament - INFO - started
2017-03-13 01:30:07,208 - WargameTournament - INFO - started
2017-03-13 01:33:38,469 - WargameTournament - INFO - started
2017-03-13 01:33:39,198 - WargameTournament - INFO - started
2017-03-13 01:33:39,223 - WargameTournament - INFO - started
2017-03-13 01:35:08,069 - WargameTournament - INFO - started
2017-03-13 01:35:08,739 - WargameTournament - INFO - started
2017-03-13 01:35:08,787 - WargameTournament - INFO - started
2017-03-13 01:37:44,258 - WargameTournament - INFO - started
2017-03-13 01:37:45,409 - WargameTournament - INFO - started
2017-03-13 01:37:45,415 - WargameTournament - INFO - started
2017-03-13 01:41:00,500 - WargameTournament - INFO - started
2017-03-13 01:44:00,488 - WargameTournament - INFO - started
2017-03-13 01:44:01,253 - WargameTournament - INFO - started
2017-03-13 01:44:01,300 - WargameTournament - INFO - started
2017-03-13 01:44:50,563 - WargameTournament - INFO - started
2017-03-13 01:44:52,759 - WargameTournament - INFO - started
2017-03-13 01:44:52,767 - WargameTournament - INFO - started
2017-03-13 01:45:00,016 - WargameTournament - INFO - started
2017-03-13 01:45:06,894 - WargameTournament - INFO - started
2017-03-13 01:45:47,878 - WargameTournament - INFO - started
2017-03-13 01:48:15,698 - WargameTournament - INFO - started
2017-03-13 01:48:20,871 - WargameTournament - INFO - started
2017-03-13 01:48:21,554 - WargameTournament - INFO - started
2017-03-13 01:48:21,622 - WargameTournament - INFO - started
2017-03-13 01:49:26,033 - WargameTournament - INFO - started
2017-03-13 01:49:26,035 - WargameTournament - INFO - admin logged out
2017-03-13 01:49:26,705 - WargameTournament - INFO - started
2017-03-13 01:49:47,842 - WargameTournament - INFO - started
2017-03-13 01:50:58,128 - WargameTournament - INFO - started
2017-03-13 01:50:58,824 - WargameTournament - INFO - started
2017-03-13 01:50:58,843 - WargameTournament - INFO - started
2017-03-13 01:51:09,448 - WargameTournament - INFO - started
2017-03-13 01:51:12,229 - WargameTournament - INFO - started
2017-03-13 01:51:22,142 - WargameTournament - INFO - started
2017-03-13 01:52:49,504 - WargameTournament - INFO - started
2017-03-13 01:52:55,647 - WargameTournament - INFO - started
2017-03-13 01:53:00,604 - WargameTournament - INFO - started
2017-03-13 01:55:17,135 - WargameTournament - INFO - started
2017-03-13 02:00:17,218 - WargameTournament - INFO - started
2017-03-13 02:03:37,967 - WargameTournament - INFO - started
2017-03-13 02:03:55,368 - WargameTournament - INFO - started
2017-03-13 02:04:25,070 - WargameTournament - INFO - started
2017-03-13 02:05:19,898 - WargameTournament - INFO - started
2017-03-13 02:05:20,668 - WargameTournament - INFO - started
2017-03-13 02:05:20,673 - WargameTournament - INFO - started
2017-03-13 02:07:09,956 - WargameTournament - INFO - started
2017-03-13 06:30:18,759 - WargameTournament - INFO - started
2017-03-13 06:30:26,163 - WargameTournament - INFO - started
2017-03-13 06:32:47,942 - WargameTournament - INFO - started
2017-03-13 06:32:57,190 - WargameTournament - INFO - started
2017-03-13 06:33:08,602 - WargameTournament - INFO - started
2017-03-13 06:33:09,484 - WargameTournament - INFO - started
2017-03-13 06:33:10,549 - WargameTournament - INFO - started
2017-03-13 06:33:10,727 - WargameTournament - INFO - started
2017-03-13 06:33:33,128 - WargameTournament - INFO - started
2017-03-13 06:34:11,491 - WargameTournament - INFO - started
2017-03-13 06:35:23,145 - WargameTournament - INFO - started
2017-03-13 06:37:06,608 - WargameTournament - INFO - started
2017-03-13 06:37:15,214 - WargameTournament - INFO - started
2017-03-13 06:37:33,151 - WargameTournament - INFO - started
2017-03-13 06:37:44,499 - WargameTournament - INFO - started
2017-03-13 06:51:58,236 - WargameTournament - INFO - started
2017-03-13 06:57:35,170 - WargameTournament - INFO - started
2017-03-13 06:57:35,887 - WargameTournament - INFO - started
2017-03-13 06:57:35,911 - WargameTournament - INFO - started
2017-03-13 07:03:59,519 - WargameTournament - INFO - started
2017-03-13 07:04:00,225 - WargameTournament - INFO - started
2017-03-13 07:04:00,264 - WargameTournament - INFO - started
2017-03-13 07:04:06,709 - WargameTournament - INFO - started
2017-03-13 07:04:09,900 - WargameTournament - INFO - started
2017-03-13 07:04:28,922 - WargameTournament - INFO - started
2017-03-13 07:05:13,733 - WargameTournament - INFO - started
2017-03-13 08:22:15,320 - WargameTournament - INFO - started
2017-03-13 08:22:16,066 - WargameTournament - INFO - started
2017-03-13 08:22:16,123 - WargameTournament - INFO - started
2017-03-13 08:22:19,184 - WargameTournament - INFO - started
2017-03-13 08:23:14,587 - WargameTournament - INFO - started
2017-03-13 08:23:15,270 - WargameTournament - INFO - started
2017-03-13 08:23:15,545 - WargameTournament - INFO - started
2017-03-13 08:26:23,380 - WargameTournament - INFO - started
2017-03-13 08:26:24,062 - WargameTournament - INFO - started
2017-03-13 08:26:24,087 - WargameTournament - INFO - started
2017-03-13 08:26:49,378 - WargameTournament - INFO - started
2017-03-13 08:26:50,255 - WargameTournament - INFO - started
2017-03-13 08:26:50,287 - WargameTournament - INFO - started
2017-03-13 08:27:17,912 - WargameTournament - INFO - started
2017-03-13 08:27:18,775 - WargameTournament - INFO - started
2017-03-13 08:27:18,829 - WargameTournament - INFO - started
2017-03-13 08:30:36,478 - WargameTournament - INFO - started
2017-03-13 08:30:37,157 - WargameTournament - INFO - started
2017-03-13 08:30:37,186 - WargameTournament - INFO - started
2017-03-13 08:31:49,393 - WargameTournament - INFO - started
2017-03-13 08:31:50,364 - WargameTournament - INFO - started
2017-03-13 08:31:50,368 - WargameTournament - INFO - started
2017-03-13 08:36:48,037 - WargameTournament - INFO - started
2017-03-13 08:36:48,774 - WargameTournament - INFO - started
2017-03-13 08:36:48,780 - WargameTournament - INFO - started
2017-03-13 08:37:16,497 - WargameTournament - INFO - started
2017-03-13 08:37:17,468 - WargameTournament - INFO - started
2017-03-13 08:37:17,553 - WargameTournament - INFO - started
2017-03-13 08:47:00,226 - WargameTournament - INFO - started
2017-03-13 08:47:00,961 - WargameTournament - INFO - started
2017-03-13 08:47:00,963 - WargameTournament - INFO - started
2017-03-13 08:47:38,368 - WargameTournament - INFO - started
2017-03-13 08:47:39,109 - WargameTournament - INFO - started
2017-03-13 08:47:39,114 - WargameTournament - INFO - started
2017-03-13 08:48:34,939 - WargameTournament - INFO - started
2017-03-13 08:48:35,632 - WargameTournament - INFO - started
2017-03-13 08:48:35,644 - WargameTournament - INFO - started
2017-03-13 08:49:24,990 - WargameTournament - INFO - started
2017-03-13 08:49:25,692 - WargameTournament - INFO - started
2017-03-13 08:49:25,703 - WargameTournament - INFO - started
2017-03-13 09:12:49,530 - WargameTournament - INFO - started
2017-03-13 09:12:50,605 - WargameTournament - INFO - started
2017-03-13 09:12:50,636 - WargameTournament - INFO - started
2017-03-13 09:12:59,507 - WargameTournament - INFO - started
2017-03-13 09:13:00,191 - WargameTournament - INFO - started
2017-03-13 09:13:00,455 - WargameTournament - INFO - started
2017-03-13 09:13:18,078 - WargameTournament - INFO - started
2017-03-13 09:13:19,012 - WargameTournament - INFO - started
2017-03-13 09:13:19,018 - WargameTournament - INFO - started
2017-03-13 09:16:33,387 - WargameTournament - INFO - started
2017-03-13 09:16:34,150 - WargameTournament - INFO - started
2017-03-13 09:16:34,154 - WargameTournament - INFO - started
2017-03-13 09:20:25,516 - WargameTournament - INFO - started
2017-03-13 09:20:26,451 - WargameTournament - INFO - started
2017-03-13 09:20:26,452 - WargameTournament - INFO - started
2017-03-13 09:24:13,232 - WargameTournament - INFO - started
2017-03-13 09:24:14,111 - WargameTournament - INFO - started
2017-03-13 09:24:14,115 - WargameTournament - INFO - started
2017-03-13 09:32:23,261 - WargameTournament - INFO - started
2017-03-13 09:32:24,842 - WargameTournament - INFO - started
2017-03-13 09:32:24,929 - WargameTournament - INFO - started
2017-03-13 09:33:28,044 - WargameTournament - INFO - started
2017-03-13 09:33:28,906 - WargameTournament - INFO - started
2017-03-13 09:33:28,925 - WargameTournament - INFO - started
2017-03-13 09:34:08,563 - WargameTournament - INFO - started
2017-03-13 09:34:09,447 - WargameTournament - INFO - started
2017-03-13 09:34:09,568 - WargameTournament - INFO - started
2017-03-13 09:41:43,511 - WargameTournament - INFO - started
2017-03-13 09:41:44,262 - WargameTournament - INFO - started
2017-03-13 09:41:44,277 - WargameTournament - INFO - started
2017-03-13 09:42:23,170 - WargameTournament - INFO - started
2017-03-13 09:42:23,798 - WargameTournament - INFO - started
2017-03-13 09:42:23,810 - WargameTournament - INFO - started
2017-03-13 09:43:44,556 - WargameTournament - INFO - started
2017-03-13 09:43:45,418 - WargameTournament - INFO - started
2017-03-13 09:43:45,437 - WargameTournament - INFO - started
2017-03-13 09:43:56,879 - WargameTournament - INFO - started
2017-03-13 09:43:57,736 - WargameTournament - INFO - started
2017-03-13 09:43:57,737 - WargameTournament - INFO - started
2017-03-13 09:46:00,890 - WargameTournament - INFO - started
2017-03-13 09:46:02,008 - WargameTournament - INFO - started
2017-03-13 09:46:02,133 - WargameTournament - INFO - started
2017-03-13 09:46:11,574 - WargameTournament - INFO - started
2017-03-13 09:46:12,314 - WargameTournament - INFO - started
2017-03-13 09:46:12,348 - WargameTournament - INFO - started
2017-03-13 09:47:57,828 - WargameTournament - INFO - started
2017-03-13 09:47:58,763 - WargameTournament - INFO - started
2017-03-13 09:47:58,778 - WargameTournament - INFO - started
2017-03-13 09:51:04,899 - WargameTournament - INFO - started
2017-03-13 09:51:05,582 - WargameTournament - INFO - started
2017-03-13 09:51:05,655 - WargameTournament - INFO - started
2017-03-13 09:51:47,963 - WargameTournament - INFO - started
2017-03-13 09:51:48,637 - WargameTournament - INFO - started
2017-03-13 09:51:48,640 - WargameTournament - INFO - started
2017-03-13 09:52:36,608 - WargameTournament - INFO - started
2017-03-13 09:52:37,457 - WargameTournament - INFO - started
2017-03-13 09:52:37,459 - WargameTournament - INFO - started
2017-03-13 10:01:22,198 - WargameTournament - INFO - started
2017-03-13 10:01:22,891 - WargameTournament - INFO - started
2017-03-13 10:01:22,892 - WargameTournament - INFO - started
2017-03-13 10:01:34,802 - WargameTournament - INFO - started
2017-03-13 10:01:35,635 - WargameTournament - INFO - started
2017-03-13 10:01:35,641 - WargameTournament - INFO - started
2017-03-13 10:02:16,940 - WargameTournament - INFO - started
2017-03-13 10:02:17,640 - WargameTournament - INFO - started
2017-03-13 10:02:17,661 - WargameTournament - INFO - started
2017-03-13 10:02:51,025 - WargameTournament - INFO - started
2017-03-13 10:02:51,765 - WargameTournament - INFO - started
2017-03-13 10:02:51,770 - WargameTournament - INFO - started
2017-03-13 10:03:18,975 - WargameTournament - INFO - started
2017-03-13 10:03:19,677 - WargameTournament - INFO - started
2017-03-13 10:03:19,696 - WargameTournament - INFO - started
2017-03-13 10:04:51,445 - WargameTournament - INFO - started
2017-03-13 10:04:52,103 - WargameTournament - INFO - started
2017-03-13 10:04:52,122 - WargameTournament - INFO - started
2017-03-13 10:25:30,404 - WargameTournament - INFO - started
2017-03-13 10:25:31,142 - WargameTournament - INFO - started
2017-03-13 10:25:31,144 - WargameTournament - INFO - started
2017-03-13 10:25:39,772 - WargameTournament - INFO - started
2017-03-13 10:25:40,466 - WargameTournament - INFO - started
2017-03-13 10:25:40,469 - WargameTournament - INFO - started
2017-03-13 10:34:25,515 - WargameTournament - INFO - started
2017-03-13 10:34:26,194 - WargameTournament - INFO - started
2017-03-13 10:34:26,197 - WargameTournament - INFO - started
2017-03-13 10:34:53,602 - WargameTournament - INFO - started
2017-03-13 10:34:54,341 - WargameTournament - INFO - started
2017-03-13 10:34:54,373 - WargameTournament - INFO - started
2017-03-13 10:35:44,305 - WargameTournament - INFO - started
2017-03-13 10:35:44,940 - WargameTournament - INFO - started
2017-03-13 10:35:44,941 - WargameTournament - INFO - started
2017-03-13 10:35:53,072 - WargameTournament - INFO - started
2017-03-13 10:35:53,729 - WargameTournament - INFO - started
2017-03-13 10:36:03,829 - WargameTournament - INFO - started
2017-03-13 10:36:30,019 - WargameTournament - INFO - started
2017-03-13 11:35:21,387 - WargameTournament - INFO - started
2017-03-13 12:24:05,254 - WargameTournament - INFO - started
2017-03-13 12:24:05,976 - WargameTournament - INFO - started
2017-03-13 12:24:06,028 - WargameTournament - INFO - started
2017-03-13 12:26:22,447 - WargameTournament - INFO - started
2017-03-13 12:26:23,191 - WargameTournament - INFO - started
2017-03-13 12:26:23,211 - WargameTournament - INFO - started
2017-03-13 12:26:43,803 - WargameTournament - INFO - started
2017-03-13 12:26:43,813 - WargameTournament - INFO - admin logged in
2017-03-13 12:26:44,491 - WargameTournament - INFO - started
2017-03-13 12:40:49,688 - WargameTournament - INFO - started
2017-03-13 12:40:50,411 - WargameTournament - INFO - started
2017-03-13 12:40:50,435 - WargameTournament - INFO - started
2017-03-13 12:42:08,651 - WargameTournament - INFO - started
2017-03-13 12:42:09,454 - WargameTournament - INFO - started
2017-03-13 12:42:09,569 - WargameTournament - INFO - started
2017-03-13 12:50:19,237 - WargameTournament - INFO - started
2017-03-13 12:50:19,891 - WargameTournament - INFO - started
2017-03-13 12:50:19,931 - WargameTournament - INFO - started
2017-03-13 12:54:32,240 - WargameTournament - INFO - started
2017-03-13 12:54:33,148 - WargameTournament - INFO - started
2017-03-13 12:54:33,279 - WargameTournament - INFO - started
2017-03-13 12:56:38,890 - WargameTournament - INFO - started
2017-03-13 12:56:39,640 - WargameTournament - INFO - started
2017-03-13 12:56:39,643 - WargameTournament - INFO - started
2017-03-13 13:04:34,889 - WargameTournament - INFO - started
2017-03-13 13:04:35,606 - WargameTournament - INFO - started
2017-03-13 13:04:35,607 - WargameTournament - INFO - started
2017-03-13 13:07:06,472 - WargameTournament - INFO - started
2017-03-13 13:07:07,292 - WargameTournament - INFO - started
2017-03-13 13:07:07,352 - WargameTournament - INFO - started
2017-03-13 13:10:42,180 - WargameTournament - INFO - started
2017-03-13 13:11:39,519 - WargameTournament - INFO - started
2017-03-13 13:11:44,436 - WargameTournament - INFO - started
2017-03-13 13:11:45,169 - WargameTournament - INFO - started
2017-03-13 13:11:45,177 - WargameTournament - INFO - started
2017-03-13 13:14:29,743 - WargameTournament - INFO - started
2017-03-13 13:14:30,413 - WargameTournament - INFO - started
2017-03-13 13:14:30,416 - WargameTournament - INFO - started
2017-03-13 13:17:13,071 - WargameTournament - INFO - started
2017-03-13 13:17:14,432 - WargameTournament - INFO - started
2017-03-13 13:17:14,453 - WargameTournament - INFO - started
2017-03-13 13:21:20,049 - WargameTournament - INFO - started
2017-03-13 13:21:20,863 - WargameTournament - INFO - started
2017-03-13 13:21:20,884 - WargameTournament - INFO - started
2017-03-13 13:21:30,214 - WargameTournament - INFO - started
2017-03-13 13:21:30,930 - WargameTournament - INFO - started
2017-03-13 14:28:00,596 - WargameTournament - INFO - started
2017-03-13 14:35:38,014 - WargameTournament - INFO - started
2017-03-13 14:35:38,650 - WargameTournament - INFO - started
2017-03-13 14:35:39,313 - WargameTournament - INFO - started
2017-03-13 14:35:39,373 - WargameTournament - INFO - started
2017-03-13 14:40:33,232 - WargameTournament - INFO - started
2017-03-13 14:40:34,169 - WargameTournament - INFO - started
2017-03-13 14:40:34,173 - WargameTournament - INFO - started
2017-03-13 14:42:59,253 - WargameTournament - INFO - started
2017-03-13 14:43:00,204 - WargameTournament - INFO - started
2017-03-13 14:43:00,219 - WargameTournament - INFO - started
2017-03-13 14:43:35,153 - WargameTournament - INFO - started
2017-03-13 14:43:36,162 - WargameTournament - INFO - started
2017-03-13 14:43:36,176 - WargameTournament - INFO - started
2017-03-13 14:43:43,807 - WargameTournament - INFO - started
2017-03-13 14:43:56,672 - WargameTournament - INFO - started
2017-03-13 14:43:57,606 - WargameTournament - INFO - started
2017-03-13 14:43:57,606 - WargameTournament - INFO - started
2017-03-13 14:44:15,927 - WargameTournament - INFO - started
2017-03-13 14:44:16,924 - WargameTournament - INFO - started
2017-03-13 14:44:16,945 - WargameTournament - INFO - started
2017-03-13 14:52:58,283 - WargameTournament - INFO - started
2017-03-13 14:52:59,109 - WargameTournament - INFO - started
2017-03-13 14:52:59,143 - WargameTournament - INFO - started
2017-03-13 14:56:43,479 - WargameTournament - INFO - started
2017-03-13 14:56:44,238 - WargameTournament - INFO - started
2017-03-13 14:56:44,251 - WargameTournament - INFO - started
2017-03-13 14:57:42,334 - WargameTournament - INFO - started
2017-03-13 14:57:52,873 - WargameTournament - INFO - started
2017-03-13 14:57:57,942 - WargameTournament - INFO - started
2017-03-13 14:58:01,410 - WargameTournament - INFO - started
2017-03-13 15:03:10,699 - WargameTournament - INFO - started
2017-03-13 15:03:11,448 - WargameTournament - INFO - started
2017-03-13 15:03:11,472 - WargameTournament - INFO - started
2017-03-13 15:04:27,905 - WargameTournament - INFO - started
2017-03-13 15:05:08,539 - WargameTournament - INFO - started
2017-03-13 15:10:25,520 - WargameTournament - INFO - started
